<?xml version="1.0" encoding="UTF-8"?>
<!-- Generated by org.testng.reporters.JUnitXMLReporter -->
<testsuite ignored="0" hostname="DESKTOP-DLOSR1I" failures="0" tests="4" name="Test" time="43.924" errors="0" timestamp="2024-07-27T12:06:24 IST">
  <testcase classname="testscripts.regression.ValidateLogin" name="validateLogin" time="2.526"/>
  <testcase classname="testscripts.regression.ValidateLogin" name="validateLogin" time="0.957"/>
  <testcase classname="testscripts.regression.ValidateLogin" name="validateLogin" time="1.092"/>
  <testcase classname="testscripts.regression.ValidateLogin" name="validateLogin" time="1.262"/>
</testsuite> <!-- Test -->
