<?xml version="1.0" encoding="UTF-8"?>
<!-- Generated by org.testng.reporters.JUnitXMLReporter -->
<testsuite ignored="0" hostname="DESKTOP-DLOSR1I" failures="0" tests="4" name="Test" time="78.3" errors="0" timestamp="2024-07-27T16:47:59 IST">
  <testcase classname="testscripts.regression.ValidateLogin" name="validateLogin" time="1.98"/>
  <testcase classname="testscripts.regression.ValidateLogin" name="validateLogin" time="0.991"/>
  <testcase classname="testscripts.regression.ValidateLogin" name="validateLogin" time="1.333"/>
  <testcase classname="testscripts.regression.ValidateLogin" name="validateLogin" time="1.126"/>
</testsuite> <!-- Test -->
