<?xml version="1.0" encoding="UTF-8"?>
<testng-results ignored="0" total="4" passed="4" failed="0" skipped="0">
  <reporter-output>
  </reporter-output>
  <suite started-at="2024-07-27T16:46:40 IST" name="Suite" finished-at="2024-07-27T16:47:59 IST" duration-ms="78300">
    <groups>
    </groups>
    <test started-at="2024-07-27T16:46:40 IST" name="Test" finished-at="2024-07-27T16:47:59 IST" duration-ms="78300">
      <class name="testscripts.regression.ValidateLogin">
        <test-method is-config="true" signature="filesRead()[pri:0, instance:testscripts.regression.ValidateLogin@6f10d5b6]" started-at="2024-07-27T16:46:40 IST" name="filesRead" finished-at="2024-07-27T16:46:41 IST" duration-ms="39" status="PASS">
          <reporter-output>
          </reporter-output>
        </test-method> <!-- filesRead -->
        <test-method is-config="true" signature="setUp()[pri:0, instance:testscripts.regression.ValidateLogin@6f10d5b6]" started-at="2024-07-27T16:46:41 IST" name="setUp" finished-at="2024-07-27T16:46:51 IST" duration-ms="10778" status="PASS">
          <reporter-output>
          </reporter-output>
        </test-method> <!-- setUp -->
        <test-method signature="validateLogin(java.lang.String,java.lang.String,java.lang.String)[pri:0, instance:testscripts.regression.ValidateLogin@6f10d5b6]" started-at="2024-07-27T16:46:51 IST" name="validateLogin" data-provider="getData" finished-at="2024-07-27T16:46:53 IST" duration-ms="1980" status="PASS">
          <params>
            <param index="0">
              <value>
                <![CDATA[LasyaTest]]>
              </value>
            </param>
            <param index="1">
              <value>
                <![CDATA[P76MNB]]>
              </value>
            </param>
            <param index="2">
              <value>
                <![CDATA[Adactin.com - Search Hotel]]>
              </value>
            </param>
          </params>
          <reporter-output>
          </reporter-output>
        </test-method> <!-- validateLogin -->
        <test-method is-config="true" signature="tearDown()[pri:0, instance:testscripts.regression.ValidateLogin@6f10d5b6]" started-at="2024-07-27T16:46:53 IST" name="tearDown" finished-at="2024-07-27T16:46:54 IST" duration-ms="403" status="PASS">
          <reporter-output>
          </reporter-output>
        </test-method> <!-- tearDown -->
        <test-method is-config="true" signature="setUp()[pri:0, instance:testscripts.regression.ValidateLogin@6f10d5b6]" started-at="2024-07-27T16:46:54 IST" name="setUp" finished-at="2024-07-27T16:47:13 IST" duration-ms="18898" status="PASS">
          <reporter-output>
          </reporter-output>
        </test-method> <!-- setUp -->
        <test-method signature="validateLogin(java.lang.String,java.lang.String,java.lang.String)[pri:0, instance:testscripts.regression.ValidateLogin@6f10d5b6]" started-at="2024-07-27T16:47:13 IST" name="validateLogin" data-provider="getData" finished-at="2024-07-27T16:47:14 IST" duration-ms="991" status="PASS">
          <params>
            <param index="0">
              <value>
                <![CDATA[LasyaTest]]>
              </value>
            </param>
            <param index="1">
              <value>
                <![CDATA[Lavanya]]>
              </value>
            </param>
            <param index="2">
              <value>
                <![CDATA[Adactin.com - Hotel Reservation System]]>
              </value>
            </param>
          </params>
          <reporter-output>
          </reporter-output>
        </test-method> <!-- validateLogin -->
        <test-method is-config="true" signature="tearDown()[pri:0, instance:testscripts.regression.ValidateLogin@6f10d5b6]" started-at="2024-07-27T16:47:14 IST" name="tearDown" finished-at="2024-07-27T16:47:14 IST" duration-ms="302" status="PASS">
          <reporter-output>
          </reporter-output>
        </test-method> <!-- tearDown -->
        <test-method is-config="true" signature="setUp()[pri:0, instance:testscripts.regression.ValidateLogin@6f10d5b6]" started-at="2024-07-27T16:47:14 IST" name="setUp" finished-at="2024-07-27T16:47:36 IST" duration-ms="21672" status="PASS">
          <reporter-output>
          </reporter-output>
        </test-method> <!-- setUp -->
        <test-method signature="validateLogin(java.lang.String,java.lang.String,java.lang.String)[pri:0, instance:testscripts.regression.ValidateLogin@6f10d5b6]" started-at="2024-07-27T16:47:36 IST" name="validateLogin" data-provider="getData" finished-at="2024-07-27T16:47:37 IST" duration-ms="1333" status="PASS">
          <params>
            <param index="0">
              <value>
                <![CDATA[LavanyaReddy]]>
              </value>
            </param>
            <param index="1">
              <value>
                <![CDATA[P76MNB]]>
              </value>
            </param>
            <param index="2">
              <value>
                <![CDATA[Adactin.com - Hotel Reservation System]]>
              </value>
            </param>
          </params>
          <reporter-output>
          </reporter-output>
        </test-method> <!-- validateLogin -->
        <test-method is-config="true" signature="tearDown()[pri:0, instance:testscripts.regression.ValidateLogin@6f10d5b6]" started-at="2024-07-27T16:47:37 IST" name="tearDown" finished-at="2024-07-27T16:47:37 IST" duration-ms="287" status="PASS">
          <reporter-output>
          </reporter-output>
        </test-method> <!-- tearDown -->
        <test-method is-config="true" signature="setUp()[pri:0, instance:testscripts.regression.ValidateLogin@6f10d5b6]" started-at="2024-07-27T16:47:37 IST" name="setUp" finished-at="2024-07-27T16:47:57 IST" duration-ms="20126" status="PASS">
          <reporter-output>
          </reporter-output>
        </test-method> <!-- setUp -->
        <test-method signature="validateLogin(java.lang.String,java.lang.String,java.lang.String)[pri:0, instance:testscripts.regression.ValidateLogin@6f10d5b6]" started-at="2024-07-27T16:47:57 IST" name="validateLogin" data-provider="getData" finished-at="2024-07-27T16:47:58 IST" duration-ms="1126" status="PASS">
          <params>
            <param index="0">
              <value>
                <![CDATA[LavanyaReddy]]>
              </value>
            </param>
            <param index="1">
              <value>
                <![CDATA[Lavanya]]>
              </value>
            </param>
            <param index="2">
              <value>
                <![CDATA[Adactin.com - Hotel Reservation System]]>
              </value>
            </param>
          </params>
          <reporter-output>
          </reporter-output>
        </test-method> <!-- validateLogin -->
        <test-method is-config="true" signature="tearDown()[pri:0, instance:testscripts.regression.ValidateLogin@6f10d5b6]" started-at="2024-07-27T16:47:58 IST" name="tearDown" finished-at="2024-07-27T16:47:59 IST" duration-ms="278" status="PASS">
          <reporter-output>
          </reporter-output>
        </test-method> <!-- tearDown -->
      </class> <!-- testscripts.regression.ValidateLogin -->
    </test> <!-- Test -->
  </suite> <!-- Suite -->
</testng-results>
