<?xml version="1.0" encoding="UTF-8"?>
<testng-results ignored="0" total="4" passed="4" failed="0" skipped="0">
  <reporter-output>
  </reporter-output>
  <suite started-at="2024-07-27T12:05:40 IST" name="Suite" finished-at="2024-07-27T12:06:24 IST" duration-ms="43924">
    <groups>
    </groups>
    <test started-at="2024-07-27T12:05:40 IST" name="Test" finished-at="2024-07-27T12:06:24 IST" duration-ms="43924">
      <class name="testscripts.regression.ValidateLogin">
        <test-method is-config="true" signature="filesRead()[pri:0, instance:testscripts.regression.ValidateLogin@65987993]" started-at="2024-07-27T12:05:40 IST" name="filesRead" finished-at="2024-07-27T12:05:40 IST" duration-ms="29" status="PASS">
          <reporter-output>
          </reporter-output>
        </test-method> <!-- filesRead -->
        <test-method is-config="true" signature="setUp()[pri:0, instance:testscripts.regression.ValidateLogin@65987993]" started-at="2024-07-27T12:05:40 IST" name="setUp" finished-at="2024-07-27T12:05:53 IST" duration-ms="12728" status="PASS">
          <reporter-output>
          </reporter-output>
        </test-method> <!-- setUp -->
        <test-method signature="validateLogin(java.lang.String,java.lang.String,java.lang.String)[pri:0, instance:testscripts.regression.ValidateLogin@65987993]" started-at="2024-07-27T12:05:53 IST" name="validateLogin" data-provider="getData" finished-at="2024-07-27T12:05:55 IST" duration-ms="2526" status="PASS">
          <params>
            <param index="0">
              <value>
                <![CDATA[LasyaTest]]>
              </value>
            </param>
            <param index="1">
              <value>
                <![CDATA[P76MNB]]>
              </value>
            </param>
            <param index="2">
              <value>
                <![CDATA[Adactin.com - Search Hotel]]>
              </value>
            </param>
          </params>
          <reporter-output>
          </reporter-output>
        </test-method> <!-- validateLogin -->
        <test-method is-config="true" signature="tearDown()[pri:0, instance:testscripts.regression.ValidateLogin@65987993]" started-at="2024-07-27T12:05:55 IST" name="tearDown" finished-at="2024-07-27T12:05:56 IST" duration-ms="442" status="PASS">
          <reporter-output>
          </reporter-output>
        </test-method> <!-- tearDown -->
        <test-method is-config="true" signature="setUp()[pri:0, instance:testscripts.regression.ValidateLogin@65987993]" started-at="2024-07-27T12:05:56 IST" name="setUp" finished-at="2024-07-27T12:06:06 IST" duration-ms="10293" status="PASS">
          <reporter-output>
          </reporter-output>
        </test-method> <!-- setUp -->
        <test-method signature="validateLogin(java.lang.String,java.lang.String,java.lang.String)[pri:0, instance:testscripts.regression.ValidateLogin@65987993]" started-at="2024-07-27T12:06:06 IST" name="validateLogin" data-provider="getData" finished-at="2024-07-27T12:06:07 IST" duration-ms="957" status="PASS">
          <params>
            <param index="0">
              <value>
                <![CDATA[LasyaTest]]>
              </value>
            </param>
            <param index="1">
              <value>
                <![CDATA[Lavanya]]>
              </value>
            </param>
            <param index="2">
              <value>
                <![CDATA[Adactin.com - Hotel Reservation System]]>
              </value>
            </param>
          </params>
          <reporter-output>
          </reporter-output>
        </test-method> <!-- validateLogin -->
        <test-method is-config="true" signature="tearDown()[pri:0, instance:testscripts.regression.ValidateLogin@65987993]" started-at="2024-07-27T12:06:07 IST" name="tearDown" finished-at="2024-07-27T12:06:07 IST" duration-ms="289" status="PASS">
          <reporter-output>
          </reporter-output>
        </test-method> <!-- tearDown -->
        <test-method is-config="true" signature="setUp()[pri:0, instance:testscripts.regression.ValidateLogin@65987993]" started-at="2024-07-27T12:06:07 IST" name="setUp" finished-at="2024-07-27T12:06:14 IST" duration-ms="6342" status="PASS">
          <reporter-output>
          </reporter-output>
        </test-method> <!-- setUp -->
        <test-method signature="validateLogin(java.lang.String,java.lang.String,java.lang.String)[pri:0, instance:testscripts.regression.ValidateLogin@65987993]" started-at="2024-07-27T12:06:14 IST" name="validateLogin" data-provider="getData" finished-at="2024-07-27T12:06:15 IST" duration-ms="1092" status="PASS">
          <params>
            <param index="0">
              <value>
                <![CDATA[LavanyaReddy]]>
              </value>
            </param>
            <param index="1">
              <value>
                <![CDATA[P76MNB]]>
              </value>
            </param>
            <param index="2">
              <value>
                <![CDATA[Adactin.com - Hotel Reservation System]]>
              </value>
            </param>
          </params>
          <reporter-output>
          </reporter-output>
        </test-method> <!-- validateLogin -->
        <test-method is-config="true" signature="tearDown()[pri:0, instance:testscripts.regression.ValidateLogin@65987993]" started-at="2024-07-27T12:06:15 IST" name="tearDown" finished-at="2024-07-27T12:06:15 IST" duration-ms="282" status="PASS">
          <reporter-output>
          </reporter-output>
        </test-method> <!-- tearDown -->
        <test-method is-config="true" signature="setUp()[pri:0, instance:testscripts.regression.ValidateLogin@65987993]" started-at="2024-07-27T12:06:15 IST" name="setUp" finished-at="2024-07-27T12:06:22 IST" duration-ms="7212" status="PASS">
          <reporter-output>
          </reporter-output>
        </test-method> <!-- setUp -->
        <test-method signature="validateLogin(java.lang.String,java.lang.String,java.lang.String)[pri:0, instance:testscripts.regression.ValidateLogin@65987993]" started-at="2024-07-27T12:06:22 IST" name="validateLogin" data-provider="getData" finished-at="2024-07-27T12:06:24 IST" duration-ms="1262" status="PASS">
          <params>
            <param index="0">
              <value>
                <![CDATA[LavanyaReddy]]>
              </value>
            </param>
            <param index="1">
              <value>
                <![CDATA[Lavanya]]>
              </value>
            </param>
            <param index="2">
              <value>
                <![CDATA[Adactin.com - Hotel Reservation System]]>
              </value>
            </param>
          </params>
          <reporter-output>
          </reporter-output>
        </test-method> <!-- validateLogin -->
        <test-method is-config="true" signature="tearDown()[pri:0, instance:testscripts.regression.ValidateLogin@65987993]" started-at="2024-07-27T12:06:24 IST" name="tearDown" finished-at="2024-07-27T12:06:24 IST" duration-ms="351" status="PASS">
          <reporter-output>
          </reporter-output>
        </test-method> <!-- tearDown -->
      </class> <!-- testscripts.regression.ValidateLogin -->
    </test> <!-- Test -->
  </suite> <!-- Suite -->
</testng-results>
